# JRE version: Java(TM) SE Runtime Environment (8.0_45-b15) (build 1.8.0_45-b15)
# Java VM: Java HotSpot(TM) 64-Bit Server VM (25.45-b02 mixed mode windows-amd64 compressed oops)
Heap:
 PSYoungGen      total 226304K, used 134020K [0x000000076af80000, 0x000000077ac00000, 0x00000007c0000000)
  eden space 217088K, 57% used [0x000000076af80000,0x00000007729c9670,0x0000000778380000)
  from space 9216K, 95% used [0x000000077a300000,0x000000077ab979f0,0x000000077ac00000)
  to   space 15872K, 0% used [0x0000000778d00000,0x0000000778d00000,0x0000000779c80000)
 ParOldGen       total 158720K, used 17455K [0x00000006c0e00000, 0x00000006ca900000, 0x000000076af80000)
  object space 158720K, 10% used [0x00000006c0e00000,0x00000006c1f0bc50,0x00000006ca900000)
 Metaspace       used 44912K, capacity 47662K, committed 47872K, reserved 1089536K
  class space    used 6298K, capacity 6814K, committed 6912K, reserved 1048576K
GC Heap History (10 events):
Event: 3.270 GC heap before
{Heap before GC invocations=6 (full 1):
 PSYoungGen      total 104448K, used 104125K [0x000000076af80000, 0x0000000773f80000, 0x00000007c0000000)
  eden space 98816K, 100% used [0x000000076af80000,0x0000000771000000,0x0000000771000000)
  from space 5632K, 94% used [0x0000000773a00000,0x0000000773f2f640,0x0000000773f80000)
  to   space 10752K, 0% used [0x0000000772a80000,0x0000000772a80000,0x0000000773500000)
 ParOldGen       total 103936K, used 7805K [0x00000006c0e00000, 0x00000006c7380000, 0x000000076af80000)
  object space 103936K, 7% used [0x00000006c0e00000,0x00000006c159f6c8,0x00000006c7380000)
 Metaspace       used 25680K, capacity 26600K, committed 26752K, reserved 1073152K
  class space    used 3490K, capacity 3689K, committed 3712K, reserved 1048576K
Event: 3.278 GC heap after
Heap after GC invocations=6 (full 1):
 PSYoungGen      total 136704K, used 10311K [0x000000076af80000, 0x0000000775600000, 0x00000007c0000000)
  eden space 125952K, 0% used [0x000000076af80000,0x000000076af80000,0x0000000772a80000)
  from space 10752K, 95% used [0x0000000772a80000,0x0000000773491d30,0x0000000773500000)
  to   space 11264K, 0% used [0x0000000774b00000,0x0000000774b00000,0x0000000775600000)
 ParOldGen       total 103936K, used 7813K [0x00000006c0e00000, 0x00000006c7380000, 0x000000076af80000)
  object space 103936K, 7% used [0x00000006c0e00000,0x00000006c15a16c8,0x00000006c7380000)
 Metaspace       used 25680K, capacity 26600K, committed 26752K, reserved 1073152K
  class space    used 3490K, capacity 3689K, committed 3712K, reserved 1048576K
}
Event: 4.402 GC heap before
{Heap before GC invocations=7 (full 1):
 PSYoungGen      total 136704K, used 136263K [0x000000076af80000, 0x0000000775600000, 0x00000007c0000000)
  eden space 125952K, 100% used [0x000000076af80000,0x0000000772a80000,0x0000000772a80000)
  from space 10752K, 95% used [0x0000000772a80000,0x0000000773491d30,0x0000000773500000)
  to   space 11264K, 0% used [0x0000000774b00000,0x0000000774b00000,0x0000000775600000)
 ParOldGen       total 103936K, used 7813K [0x00000006c0e00000, 0x00000006c7380000, 0x000000076af80000)
  object space 103936K, 7% used [0x00000006c0e00000,0x00000006c15a16c8,0x00000006c7380000)
 Metaspace       used 32940K, capacity 34276K, committed 34432K, reserved 1079296K
  class space    used 4437K, capacity 4733K, committed 4736K, reserved 1048576K
Event: 4.417 GC heap after
Heap after GC invocations=7 (full 1):
 PSYoungGen      total 155136K, used 11232K [0x000000076af80000, 0x0000000778580000, 0x00000007c0000000)
  eden space 143872K, 0% used [0x000000076af80000,0x000000076af80000,0x0000000773c00000)
  from space 11264K, 99% used [0x0000000774b00000,0x00000007755f8040,0x0000000775600000)
  to   space 15360K, 0% used [0x0000000773c00000,0x0000000773c00000,0x0000000774b00000)
 ParOldGen       total 103936K, used 12702K [0x00000006c0e00000, 0x00000006c7380000, 0x000000076af80000)
  object space 103936K, 12% used [0x00000006c0e00000,0x00000006c1a67a10,0x00000006c7380000)
 Metaspace       used 32940K, capacity 34276K, committed 34432K, reserved 1079296K
  class space    used 4437K, capacity 4733K, committed 4736K, reserved 1048576K
}
Event: 4.601 GC heap before
{Heap before GC invocations=8 (full 1):
 PSYoungGen      total 155136K, used 38045K [0x000000076af80000, 0x0000000778580000, 0x00000007c0000000)
  eden space 143872K, 18% used [0x000000076af80000,0x000000076c9af728,0x0000000773c00000)
  from space 11264K, 99% used [0x0000000774b00000,0x00000007755f8040,0x0000000775600000)
  to   space 15360K, 0% used [0x0000000773c00000,0x0000000773c00000,0x0000000774b00000)
 ParOldGen       total 103936K, used 12702K [0x00000006c0e00000, 0x00000006c7380000, 0x000000076af80000)
  object space 103936K, 12% used [0x00000006c0e00000,0x00000006c1a67a10,0x00000006c7380000)
 Metaspace       used 33858K, capacity 35330K, committed 35456K, reserved 1079296K
  class space    used 4570K, capacity 4900K, committed 4992K, reserved 1048576K
Event: 4.611 GC heap after
Heap after GC invocations=8 (full 1):
 PSYoungGen      total 159232K, used 12619K [0x000000076af80000, 0x000000077b300000, 0x00000007c0000000)
  eden space 143872K, 0% used [0x000000076af80000,0x000000076af80000,0x0000000773c00000)
  from space 15360K, 82% used [0x0000000773c00000,0x0000000774852cb0,0x0000000774b00000)
  to   space 16384K, 0% used [0x000000077a300000,0x000000077a300000,0x000000077b300000)
 ParOldGen       total 103936K, used 12710K [0x00000006c0e00000, 0x00000006c7380000, 0x000000076af80000)
  object space 103936K, 12% used [0x00000006c0e00000,0x00000006c1a69a10,0x00000006c7380000)
 Metaspace       used 33858K, capacity 35330K, committed 35456K, reserved 1079296K
  class space    used 4570K, capacity 4900K, committed 4992K, reserved 1048576K
}
Event: 4.611 GC heap before
{Heap before GC invocations=9 (full 2):
 PSYoungGen      total 159232K, used 12619K [0x000000076af80000, 0x000000077b300000, 0x00000007c0000000)
  eden space 143872K, 0% used [0x000000076af80000,0x000000076af80000,0x0000000773c00000)
  from space 15360K, 82% used [0x0000000773c00000,0x0000000774852cb0,0x0000000774b00000)
  to   space 16384K, 0% used [0x000000077a300000,0x000000077a300000,0x000000077b300000)
 ParOldGen       total 103936K, used 12710K [0x00000006c0e00000, 0x00000006c7380000, 0x000000076af80000)
  object space 103936K, 12% used [0x00000006c0e00000,0x00000006c1a69a10,0x00000006c7380000)
 Metaspace       used 33858K, capacity 35330K, committed 35456K, reserved 1079296K
  class space    used 4570K, capacity 4900K, committed 4992K, reserved 1048576K
Event: 4.665 GC heap after
Heap after GC invocations=9 (full 2):
 PSYoungGen      total 159232K, used 0K [0x000000076af80000, 0x000000077b300000, 0x00000007c0000000)
  eden space 143872K, 0% used [0x000000076af80000,0x000000076af80000,0x0000000773c00000)
  from space 15360K, 0% used [0x0000000773c00000,0x0000000773c00000,0x0000000774b00000)
  to   space 16384K, 0% used [0x000000077a300000,0x000000077a300000,0x000000077b300000)
 ParOldGen       total 158720K, used 17447K [0x00000006c0e00000, 0x00000006ca900000, 0x000000076af80000)
  object space 158720K, 10% used [0x00000006c0e00000,0x00000006c1f09c50,0x00000006ca900000)
 Metaspace       used 33858K, capacity 35330K, committed 35456K, reserved 1079296K
  class space    used 4570K, capacity 4900K, committed 4992K, reserved 1048576K
}
Event: 6.147 GC heap before
{Heap before GC invocations=10 (full 2):
 PSYoungGen      total 159232K, used 143872K [0x000000076af80000, 0x000000077b300000, 0x00000007c0000000)
  eden space 143872K, 100% used [0x000000076af80000,0x0000000773c00000,0x0000000773c00000)
  from space 15360K, 0% used [0x0000000773c00000,0x0000000773c00000,0x0000000774b00000)
  to   space 16384K, 0% used [0x000000077a300000,0x000000077a300000,0x000000077b300000)
 ParOldGen       total 158720K, used 17447K [0x00000006c0e00000, 0x00000006ca900000, 0x000000076af80000)
  object space 158720K, 10% used [0x00000006c0e00000,0x00000006c1f09c50,0x00000006ca900000)
 Metaspace       used 38638K, capacity 40716K, committed 40832K, reserved 1085440K
  class space    used 5317K, capacity 5757K, committed 5760K, reserved 1048576K
Event: 6.155 GC heap after
Heap after GC invocations=10 (full 2):
 PSYoungGen      total 226304K, used 8798K [0x000000076af80000, 0x000000077ac00000, 0x00000007c0000000)
  eden space 217088K, 0% used [0x000000076af80000,0x000000076af80000,0x0000000778380000)
  from space 9216K, 95% used [0x000000077a300000,0x000000077ab979f0,0x000000077ac00000)
  to   space 15872K, 0% used [0x0000000778d00000,0x0000000778d00000,0x0000000779c80000)
 ParOldGen       total 158720K, used 17455K [0x00000006c0e00000, 0x00000006ca900000, 0x000000076af80000)
  object space 158720K, 10% used [0x00000006c0e00000,0x00000006c1f0bc50,0x00000006ca900000)
 Metaspace       used 38638K, capacity 40716K, committed 40832K, reserved 1085440K
  class space    used 5317K, capacity 5757K, committed 5760K, reserved 1048576K
}

